build/app/outputs/mapping/release/mapping.txt
# compiler: R8
# compiler_version: 1.5.64
# min_api: 16
# pg_map_id: bff896e
...
io.flutter.FlutterInjector$Builder -> b.a.a$b:
    io.flutter.embedding.engine.FlutterJNI$Factory flutterJniFactory -> c
    io.flutter.embedding.engine.loader.FlutterLoader flutterLoader -> a
    io.flutter.embedding.engine.deferredcomponents.DeferredComponentManager deferredComponentManager -> b
    io.flutter.FlutterInjector build() -> a
    void fillDefaults() -> b
io.flutter.Log -> b.a.b:
    void d(java.lang.String,java.lang.String) -> a
    void e(java.lang.String,java.lang.String,java.lang.Throwable) -> a
    void e(java.lang.String,java.lang.String) -> b
    void w(java.lang.String,java.lang.String,java.lang.Throwable) -> b
    void i(java.lang.String,java.lang.String) -> c
    void v(java.lang.String,java.lang.String) -> d
    void w(java.lang.String,java.lang.String) -> e
io.flutter.embedding.android.-$$Lambda$KeyChannelResponder$JpfmDdKZzCsQFem066be6lLfZqM -> io.flutter.embedding.android.a:
    io.flutter.embedding.android.KeyboardManager$Responder$OnKeyEventHandledCallback f$0 -> a
    void onFrameworkResponse(boolean) -> a
io.flutter.embedding.android.AndroidTouchProcessor -> io.flutter.embedding.android.b:
    io.flutter.embedding.android.MotionEventTracker motionEventTracker -> b
    io.flutter.embedding.engine.renderer.FlutterRenderer renderer -> a
    android.graphics.Matrix IDENTITY_TRANSFORM -> d
    boolean trackMotionEvents -> c
    void addPointerForIndex(android.view.MotionEvent,int,int,int,android.graphics.Matrix,java.nio.ByteBuffer) -> a
    int getPointerChangeForAction(int) -> a
    boolean onGenericMotionEvent(android.view.MotionEvent) -> a
    boolean onTouchEvent(android.view.MotionEvent,android.graphics.Matrix) -> a
    int getPointerDeviceTypeForToolType(int) -> b
    boolean onTouchEvent(android.view.MotionEvent) -> b
io.flutter.embedding.android.DrawableSplashScreen -> io.flutter.embedding.android.c:
    android.widget.ImageView$ScaleType scaleType -> b
    io.flutter.embedding.android.DrawableSplashScreen$DrawableSplashScreenView splashView -> d
    long crossfadeDurationInMillis -> c
    android.graphics.drawable.Drawable drawable -> a
    android.view.View createSplashView(android.content.Context,android.os.Bundle) -> a
    boolean doesSplashViewRememberItsTransition() -> a
    void transitionToFlutter(java.lang.Runnable) -> a
    android.os.Bundle saveSplashScreenState() -> b
io.flutter.embedding.android.DrawableSplashScreen$1 -> io.flutter.embedding.android.c$a:
    java.lang.Runnable val$onTransitionComplete -> a
io.flutter.embedding.android.DrawableSplashScreen$DrawableSplashScreenView -> io.flutter.embedding.android.c$b:
    void setSplashDrawable(android.graphics.drawable.Drawable,android.widget.ImageView$ScaleType) -> a
io.flutter.embedding.android.ExclusiveAppComponent -> io.flutter.embedding.android.d:
    void detachFromFlutterEngine() -> d
    java.lang.Object getAppComponent() -> e